
========================[ Apr 26, 2013 10:13 AM ]========================
Version 2.2.21 [Jun-14-2009]
Started database file "../18weeks.fasta"
Formatted 726 sequences in volume 0
SUCCESS: formatted database ../18weeks.fasta

========================[ Apr 26, 2013 10:13 AM ]========================
Version 2.2.21 [Jun-14-2009]
Started database file "../22weeks.fasta"
Formatted 9113 sequences in volume 0
SUCCESS: formatted database ../22weeks.fasta

========================[ Apr 26, 2013 10:13 AM ]========================
Version 2.2.21 [Jun-14-2009]
Started database file "../30weeks.fasta"
Formatted 10077 sequences in volume 0
SUCCESS: formatted database ../30weeks.fasta

========================[ Apr 26, 2013 10:13 AM ]========================
Version 2.2.21 [Jun-14-2009]
Started database file "../42weeks.fasta"
Formatted 210 sequences in volume 0
SUCCESS: formatted database ../42weeks.fasta

========================[ Apr 26, 2013 10:14 AM ]========================
Version 2.2.21 [Jun-14-2009]
Started database file "../46weeks.fasta"
Formatted 8883 sequences in volume 0
SUCCESS: formatted database ../46weeks.fasta

========================[ Apr 26, 2013 10:14 AM ]========================
Version 2.2.21 [Jun-14-2009]
Started database file "../coffea_canephora.fasta"
Formatted 18007 sequences in volume 0
SUCCESS: formatted database ../coffea_canephora.fasta

========================[ Apr 26, 2013 10:14 AM ]========================
Version 2.2.21 [Jun-14-2009]
Started database file "../coffea_arabica.fasta"
Formatted 35153 sequences in volume 0
SUCCESS: formatted database ../coffea_arabica.fasta
